<?xml version="1.0" encoding="UTF-8"?>
<!-- Generated by org.testng.reporters.JUnitXMLReporter -->
<testsuite hostname="Mallis-Mac-mini.local" name="ChromeTest" tests="50" failures="0" timestamp="20 Jun 2017 17:33:59 GMT" time="1145.35" errors="0">
  <testcase name="@BeforeClass launchApplication" time="0.0" classname="testclasses.WebAdminPostaNoteTest">
    <failure type="org.openqa.selenium.NoSuchSessionException" message="Session ID is null. Using WebDriver after calling quit()?
Build info: version: &amp;apos;3.4.0&amp;apos;, revision: &amp;apos;unknown&amp;apos;, time: &amp;apos;unknown&amp;apos;
System info: host: &amp;apos;Mallis-Mac-mini.local&amp;apos;, ip: &amp;apos;fe80:0:0:0:82e:2fea:315d:d5bb%en0&amp;apos;, os.name: &amp;apos;Mac OS X&amp;apos;, os.arch: &amp;apos;x86_64&amp;apos;, os.version: &amp;apos;10.12.4&amp;apos;, java.version: &amp;apos;1.8.0_131&amp;apos;
Driver info: driver.version: RemoteWebDriver">
      <![CDATA[org.openqa.selenium.NoSuchSessionException: Session ID is null. Using WebDriver after calling quit()?
Build info: version: '3.4.0', revision: 'unknown', time: 'unknown'
System info: host: 'Mallis-Mac-mini.local', ip: 'fe80:0:0:0:82e:2fea:315d:d5bb%en0', os.name: 'Mac OS X', os.arch: 'x86_64', os.version: '10.12.4', java.version: '1.8.0_131'
Driver info: driver.version: RemoteWebDriver
	at org.openqa.selenium.remote.HttpCommandExecutor.execute(HttpCommandExecutor.java:131)
	at org.openqa.selenium.remote.service.DriverCommandExecutor.execute(DriverCommandExecutor.java:82)
	at org.openqa.selenium.remote.RemoteWebDriver.execute(RemoteWebDriver.java:637)
	at org.openqa.selenium.remote.RemoteWebDriver.execute(RemoteWebDriver.java:694)
	at org.openqa.selenium.remote.RemoteWebDriver$RemoteWebDriverOptions$RemoteWindow.maximize(RemoteWebDriver.java:925)
	at testclasses.WebAdminPostaNoteTest.launchApplication(WebAdminPostaNoteTest.java:55)
	at java.util.concurrent.ThreadPoolExecutor.runWorker(ThreadPoolExecutor.java:1142)
	at java.util.concurrent.ThreadPoolExecutor$Worker.run(ThreadPoolExecutor.java:617)
	at java.lang.Thread.run(Thread.java:748)
... Removed 10 stack frames]]>
    </failure>
  </testcase> <!-- @BeforeClass launchApplication -->
  <testcase name="@AfterMethod result" time="0.0" classname="testclasses.WebAdminPostaNoteTest">
    <skipped/>
  </testcase> <!-- @AfterMethod result -->
  <testcase name="@AfterMethod result" time="0.0" classname="testclasses.WebAdminPostaNoteTest">
    <skipped/>
  </testcase> <!-- @AfterMethod result -->
  <testcase name="@AfterMethod result" time="0.0" classname="testclasses.WebAdminPostaNoteTest">
    <skipped/>
  </testcase> <!-- @AfterMethod result -->
  <testcase name="@AfterMethod result" time="0.0" classname="testclasses.WebAdminPostaNoteTest">
    <skipped/>
  </testcase> <!-- @AfterMethod result -->
  <testcase name="@AfterMethod result" time="0.0" classname="testclasses.WebAdminPostaNoteTest">
    <skipped/>
  </testcase> <!-- @AfterMethod result -->
  <testcase name="@AfterClass tearDown" time="0.0" classname="testclasses.WebAdminPostaNoteTest">
    <skipped/>
  </testcase> <!-- @AfterClass tearDown -->
  <testcase name="@BeforeClass launchApplication" time="0.0" classname="testclasses.WebAdminSettingsTest">
    <failure type="org.openqa.selenium.NoSuchSessionException" message="Session ID is null. Using WebDriver after calling quit()?
Build info: version: &amp;apos;3.4.0&amp;apos;, revision: &amp;apos;unknown&amp;apos;, time: &amp;apos;unknown&amp;apos;
System info: host: &amp;apos;Mallis-Mac-mini.local&amp;apos;, ip: &amp;apos;fe80:0:0:0:82e:2fea:315d:d5bb%en0&amp;apos;, os.name: &amp;apos;Mac OS X&amp;apos;, os.arch: &amp;apos;x86_64&amp;apos;, os.version: &amp;apos;10.12.4&amp;apos;, java.version: &amp;apos;1.8.0_131&amp;apos;
Driver info: driver.version: RemoteWebDriver">
      <![CDATA[org.openqa.selenium.NoSuchSessionException: Session ID is null. Using WebDriver after calling quit()?
Build info: version: '3.4.0', revision: 'unknown', time: 'unknown'
System info: host: 'Mallis-Mac-mini.local', ip: 'fe80:0:0:0:82e:2fea:315d:d5bb%en0', os.name: 'Mac OS X', os.arch: 'x86_64', os.version: '10.12.4', java.version: '1.8.0_131'
Driver info: driver.version: RemoteWebDriver
	at org.openqa.selenium.remote.HttpCommandExecutor.execute(HttpCommandExecutor.java:131)
	at org.openqa.selenium.remote.service.DriverCommandExecutor.execute(DriverCommandExecutor.java:82)
	at org.openqa.selenium.remote.RemoteWebDriver.execute(RemoteWebDriver.java:637)
	at org.openqa.selenium.remote.RemoteWebDriver.execute(RemoteWebDriver.java:694)
	at org.openqa.selenium.remote.RemoteWebDriver$RemoteWebDriverOptions$RemoteWindow.maximize(RemoteWebDriver.java:925)
	at testclasses.WebAdminSettingsTest.launchApplication(WebAdminSettingsTest.java:50)
	at java.util.concurrent.ThreadPoolExecutor.runWorker(ThreadPoolExecutor.java:1142)
	at java.util.concurrent.ThreadPoolExecutor$Worker.run(ThreadPoolExecutor.java:617)
	at java.lang.Thread.run(Thread.java:748)
... Removed 10 stack frames]]>
    </failure>
  </testcase> <!-- @BeforeClass launchApplication -->
  <testcase name="@AfterMethod result" time="0.0" classname="testclasses.WebAdminSettingsTest">
    <skipped/>
  </testcase> <!-- @AfterMethod result -->
  <testcase name="@AfterMethod result" time="0.0" classname="testclasses.WebAdminSettingsTest">
    <skipped/>
  </testcase> <!-- @AfterMethod result -->
  <testcase name="@AfterMethod result" time="0.0" classname="testclasses.WebAdminSettingsTest">
    <skipped/>
  </testcase> <!-- @AfterMethod result -->
  <testcase name="@AfterMethod result" time="0.0" classname="testclasses.WebAdminSettingsTest">
    <skipped/>
  </testcase> <!-- @AfterMethod result -->
  <testcase name="@AfterMethod result" time="0.0" classname="testclasses.WebAdminSettingsTest">
    <skipped/>
  </testcase> <!-- @AfterMethod result -->
  <testcase name="@AfterClass tearDown" time="0.0" classname="testclasses.WebAdminSettingsTest">
    <skipped/>
  </testcase> <!-- @AfterClass tearDown -->
  <testcase name="@BeforeClass launchApplication" time="0.0" classname="testclasses.WebEmployeeLoginTest">
    <failure type="org.openqa.selenium.NoSuchSessionException" message="Session ID is null. Using WebDriver after calling quit()?
Build info: version: &amp;apos;3.4.0&amp;apos;, revision: &amp;apos;unknown&amp;apos;, time: &amp;apos;unknown&amp;apos;
System info: host: &amp;apos;Mallis-Mac-mini.local&amp;apos;, ip: &amp;apos;fe80:0:0:0:82e:2fea:315d:d5bb%en0&amp;apos;, os.name: &amp;apos;Mac OS X&amp;apos;, os.arch: &amp;apos;x86_64&amp;apos;, os.version: &amp;apos;10.12.4&amp;apos;, java.version: &amp;apos;1.8.0_131&amp;apos;
Driver info: driver.version: RemoteWebDriver">
      <![CDATA[org.openqa.selenium.NoSuchSessionException: Session ID is null. Using WebDriver after calling quit()?
Build info: version: '3.4.0', revision: 'unknown', time: 'unknown'
System info: host: 'Mallis-Mac-mini.local', ip: 'fe80:0:0:0:82e:2fea:315d:d5bb%en0', os.name: 'Mac OS X', os.arch: 'x86_64', os.version: '10.12.4', java.version: '1.8.0_131'
Driver info: driver.version: RemoteWebDriver
	at org.openqa.selenium.remote.HttpCommandExecutor.execute(HttpCommandExecutor.java:131)
	at org.openqa.selenium.remote.service.DriverCommandExecutor.execute(DriverCommandExecutor.java:82)
	at org.openqa.selenium.remote.RemoteWebDriver.execute(RemoteWebDriver.java:637)
	at org.openqa.selenium.remote.RemoteWebDriver.execute(RemoteWebDriver.java:694)
	at org.openqa.selenium.remote.RemoteWebDriver$RemoteWebDriverOptions$RemoteWindow.maximize(RemoteWebDriver.java:925)
	at testclasses.WebEmployeeLoginTest.launchApplication(WebEmployeeLoginTest.java:46)
	at java.util.concurrent.ThreadPoolExecutor.runWorker(ThreadPoolExecutor.java:1142)
	at java.util.concurrent.ThreadPoolExecutor$Worker.run(ThreadPoolExecutor.java:617)
	at java.lang.Thread.run(Thread.java:748)
... Removed 10 stack frames]]>
    </failure>
  </testcase> <!-- @BeforeClass launchApplication -->
  <testcase name="@AfterMethod result" time="0.0" classname="testclasses.WebEmployeeLoginTest">
    <skipped/>
  </testcase> <!-- @AfterMethod result -->
  <testcase name="@AfterMethod result" time="0.0" classname="testclasses.WebEmployeeLoginTest">
    <skipped/>
  </testcase> <!-- @AfterMethod result -->
  <testcase name="@AfterMethod result" time="0.0" classname="testclasses.WebEmployeeLoginTest">
    <skipped/>
  </testcase> <!-- @AfterMethod result -->
  <testcase name="@AfterMethod result" time="0.0" classname="testclasses.WebEmployeeLoginTest">
    <skipped/>
  </testcase> <!-- @AfterMethod result -->
  <testcase name="@AfterMethod result" time="0.0" classname="testclasses.WebEmployeeLoginTest">
    <skipped/>
  </testcase> <!-- @AfterMethod result -->
  <testcase name="@AfterMethod result" time="0.0" classname="testclasses.WebEmployeeLoginTest">
    <skipped/>
  </testcase> <!-- @AfterMethod result -->
  <testcase name="@AfterMethod result" time="0.0" classname="testclasses.WebEmployeeLoginTest">
    <skipped/>
  </testcase> <!-- @AfterMethod result -->
  <testcase name="@AfterMethod result" time="0.0" classname="testclasses.WebEmployeeLoginTest">
    <skipped/>
  </testcase> <!-- @AfterMethod result -->
  <testcase name="@AfterClass tearDown" time="0.0" classname="testclasses.WebEmployeeLoginTest">
    <skipped/>
  </testcase> <!-- @AfterClass tearDown -->
  <testcase name="@BeforeClass launchApplication" time="0.0" classname="testclasses.WebEmployeeNavigationsTest">
    <failure type="org.openqa.selenium.NoSuchSessionException" message="Session ID is null. Using WebDriver after calling quit()?
Build info: version: &amp;apos;3.4.0&amp;apos;, revision: &amp;apos;unknown&amp;apos;, time: &amp;apos;unknown&amp;apos;
System info: host: &amp;apos;Mallis-Mac-mini.local&amp;apos;, ip: &amp;apos;fe80:0:0:0:82e:2fea:315d:d5bb%en0&amp;apos;, os.name: &amp;apos;Mac OS X&amp;apos;, os.arch: &amp;apos;x86_64&amp;apos;, os.version: &amp;apos;10.12.4&amp;apos;, java.version: &amp;apos;1.8.0_131&amp;apos;
Driver info: driver.version: RemoteWebDriver">
      <![CDATA[org.openqa.selenium.NoSuchSessionException: Session ID is null. Using WebDriver after calling quit()?
Build info: version: '3.4.0', revision: 'unknown', time: 'unknown'
System info: host: 'Mallis-Mac-mini.local', ip: 'fe80:0:0:0:82e:2fea:315d:d5bb%en0', os.name: 'Mac OS X', os.arch: 'x86_64', os.version: '10.12.4', java.version: '1.8.0_131'
Driver info: driver.version: RemoteWebDriver
	at org.openqa.selenium.remote.HttpCommandExecutor.execute(HttpCommandExecutor.java:131)
	at org.openqa.selenium.remote.service.DriverCommandExecutor.execute(DriverCommandExecutor.java:82)
	at org.openqa.selenium.remote.RemoteWebDriver.execute(RemoteWebDriver.java:637)
	at org.openqa.selenium.remote.RemoteWebDriver.execute(RemoteWebDriver.java:694)
	at org.openqa.selenium.remote.RemoteWebDriver$RemoteWebDriverOptions$RemoteWindow.maximize(RemoteWebDriver.java:925)
	at testclasses.WebEmployeeNavigationsTest.launchApplication(WebEmployeeNavigationsTest.java:49)
	at java.util.concurrent.ThreadPoolExecutor.runWorker(ThreadPoolExecutor.java:1142)
	at java.util.concurrent.ThreadPoolExecutor$Worker.run(ThreadPoolExecutor.java:617)
	at java.lang.Thread.run(Thread.java:748)
... Removed 10 stack frames]]>
    </failure>
  </testcase> <!-- @BeforeClass launchApplication -->
  <testcase name="@AfterMethod result" time="0.0" classname="testclasses.WebEmployeeNavigationsTest">
    <skipped/>
  </testcase> <!-- @AfterMethod result -->
  <testcase name="@AfterClass tearDown" time="0.0" classname="testclasses.WebEmployeeNavigationsTest">
    <skipped/>
  </testcase> <!-- @AfterClass tearDown -->
  <testcase name="@BeforeClass launchApplication" time="0.0" classname="testclasses.WebEmployeeBoardsTest">
    <failure type="org.openqa.selenium.NoSuchSessionException" message="Session ID is null. Using WebDriver after calling quit()?
Build info: version: &amp;apos;3.4.0&amp;apos;, revision: &amp;apos;unknown&amp;apos;, time: &amp;apos;unknown&amp;apos;
System info: host: &amp;apos;Mallis-Mac-mini.local&amp;apos;, ip: &amp;apos;fe80:0:0:0:82e:2fea:315d:d5bb%en0&amp;apos;, os.name: &amp;apos;Mac OS X&amp;apos;, os.arch: &amp;apos;x86_64&amp;apos;, os.version: &amp;apos;10.12.4&amp;apos;, java.version: &amp;apos;1.8.0_131&amp;apos;
Driver info: driver.version: RemoteWebDriver">
      <![CDATA[org.openqa.selenium.NoSuchSessionException: Session ID is null. Using WebDriver after calling quit()?
Build info: version: '3.4.0', revision: 'unknown', time: 'unknown'
System info: host: 'Mallis-Mac-mini.local', ip: 'fe80:0:0:0:82e:2fea:315d:d5bb%en0', os.name: 'Mac OS X', os.arch: 'x86_64', os.version: '10.12.4', java.version: '1.8.0_131'
Driver info: driver.version: RemoteWebDriver
	at org.openqa.selenium.remote.HttpCommandExecutor.execute(HttpCommandExecutor.java:131)
	at org.openqa.selenium.remote.service.DriverCommandExecutor.execute(DriverCommandExecutor.java:82)
	at org.openqa.selenium.remote.RemoteWebDriver.execute(RemoteWebDriver.java:637)
	at org.openqa.selenium.remote.RemoteWebDriver.execute(RemoteWebDriver.java:694)
	at org.openqa.selenium.remote.RemoteWebDriver$RemoteWebDriverOptions$RemoteWindow.maximize(RemoteWebDriver.java:925)
	at testclasses.WebEmployeeBoardsTest.launchApplication(WebEmployeeBoardsTest.java:48)
	at java.util.concurrent.ThreadPoolExecutor.runWorker(ThreadPoolExecutor.java:1142)
	at java.util.concurrent.ThreadPoolExecutor$Worker.run(ThreadPoolExecutor.java:617)
	at java.lang.Thread.run(Thread.java:748)
... Removed 10 stack frames]]>
    </failure>
  </testcase> <!-- @BeforeClass launchApplication -->
  <testcase name="@AfterMethod result" time="0.0" classname="testclasses.WebEmployeeBoardsTest">
    <skipped/>
  </testcase> <!-- @AfterMethod result -->
  <testcase name="@AfterMethod result" time="0.0" classname="testclasses.WebEmployeeBoardsTest">
    <skipped/>
  </testcase> <!-- @AfterMethod result -->
  <testcase name="@AfterMethod result" time="0.0" classname="testclasses.WebEmployeeBoardsTest">
    <skipped/>
  </testcase> <!-- @AfterMethod result -->
  <testcase name="@AfterMethod result" time="0.0" classname="testclasses.WebEmployeeBoardsTest">
    <skipped/>
  </testcase> <!-- @AfterMethod result -->
  <testcase name="@AfterMethod result" time="0.0" classname="testclasses.WebEmployeeBoardsTest">
    <skipped/>
  </testcase> <!-- @AfterMethod result -->
  <testcase name="@AfterClass tearDown" time="0.0" classname="testclasses.WebEmployeeBoardsTest">
    <skipped/>
  </testcase> <!-- @AfterClass tearDown -->
  <testcase name="@BeforeClass launchApplication" time="0.0" classname="testclasses.WebEmployeePostaNoteTest">
    <failure type="org.openqa.selenium.NoSuchSessionException" message="Session ID is null. Using WebDriver after calling quit()?
Build info: version: &amp;apos;3.4.0&amp;apos;, revision: &amp;apos;unknown&amp;apos;, time: &amp;apos;unknown&amp;apos;
System info: host: &amp;apos;Mallis-Mac-mini.local&amp;apos;, ip: &amp;apos;fe80:0:0:0:82e:2fea:315d:d5bb%en0&amp;apos;, os.name: &amp;apos;Mac OS X&amp;apos;, os.arch: &amp;apos;x86_64&amp;apos;, os.version: &amp;apos;10.12.4&amp;apos;, java.version: &amp;apos;1.8.0_131&amp;apos;
Driver info: driver.version: RemoteWebDriver">
      <![CDATA[org.openqa.selenium.NoSuchSessionException: Session ID is null. Using WebDriver after calling quit()?
Build info: version: '3.4.0', revision: 'unknown', time: 'unknown'
System info: host: 'Mallis-Mac-mini.local', ip: 'fe80:0:0:0:82e:2fea:315d:d5bb%en0', os.name: 'Mac OS X', os.arch: 'x86_64', os.version: '10.12.4', java.version: '1.8.0_131'
Driver info: driver.version: RemoteWebDriver
	at org.openqa.selenium.remote.HttpCommandExecutor.execute(HttpCommandExecutor.java:131)
	at org.openqa.selenium.remote.service.DriverCommandExecutor.execute(DriverCommandExecutor.java:82)
	at org.openqa.selenium.remote.RemoteWebDriver.execute(RemoteWebDriver.java:637)
	at org.openqa.selenium.remote.RemoteWebDriver.execute(RemoteWebDriver.java:694)
	at org.openqa.selenium.remote.RemoteWebDriver$RemoteWebDriverOptions$RemoteWindow.maximize(RemoteWebDriver.java:925)
	at testclasses.WebEmployeePostaNoteTest.launchApplication(WebEmployeePostaNoteTest.java:57)
	at java.util.concurrent.ThreadPoolExecutor.runWorker(ThreadPoolExecutor.java:1142)
	at java.util.concurrent.ThreadPoolExecutor$Worker.run(ThreadPoolExecutor.java:617)
	at java.lang.Thread.run(Thread.java:748)
... Removed 10 stack frames]]>
    </failure>
  </testcase> <!-- @BeforeClass launchApplication -->
  <testcase name="@AfterMethod result" time="0.0" classname="testclasses.WebEmployeePostaNoteTest">
    <skipped/>
  </testcase> <!-- @AfterMethod result -->
  <testcase name="@AfterMethod result" time="0.0" classname="testclasses.WebEmployeePostaNoteTest">
    <skipped/>
  </testcase> <!-- @AfterMethod result -->
  <testcase name="@AfterMethod result" time="0.0" classname="testclasses.WebEmployeePostaNoteTest">
    <skipped/>
  </testcase> <!-- @AfterMethod result -->
  <testcase name="@AfterMethod result" time="0.0" classname="testclasses.WebEmployeePostaNoteTest">
    <skipped/>
  </testcase> <!-- @AfterMethod result -->
  <testcase name="@AfterMethod result" time="0.0" classname="testclasses.WebEmployeePostaNoteTest">
    <skipped/>
  </testcase> <!-- @AfterMethod result -->
  <testcase name="@AfterClass tearDown" time="0.0" classname="testclasses.WebEmployeePostaNoteTest">
    <skipped/>
  </testcase> <!-- @AfterClass tearDown -->
  <testcase name="@BeforeClass launchApplication" time="0.0" classname="testclasses.WebEmployeeSettingsTest">
    <failure type="org.openqa.selenium.NoSuchSessionException" message="Session ID is null. Using WebDriver after calling quit()?
Build info: version: &amp;apos;3.4.0&amp;apos;, revision: &amp;apos;unknown&amp;apos;, time: &amp;apos;unknown&amp;apos;
System info: host: &amp;apos;Mallis-Mac-mini.local&amp;apos;, ip: &amp;apos;fe80:0:0:0:82e:2fea:315d:d5bb%en0&amp;apos;, os.name: &amp;apos;Mac OS X&amp;apos;, os.arch: &amp;apos;x86_64&amp;apos;, os.version: &amp;apos;10.12.4&amp;apos;, java.version: &amp;apos;1.8.0_131&amp;apos;
Driver info: driver.version: RemoteWebDriver">
      <![CDATA[org.openqa.selenium.NoSuchSessionException: Session ID is null. Using WebDriver after calling quit()?
Build info: version: '3.4.0', revision: 'unknown', time: 'unknown'
System info: host: 'Mallis-Mac-mini.local', ip: 'fe80:0:0:0:82e:2fea:315d:d5bb%en0', os.name: 'Mac OS X', os.arch: 'x86_64', os.version: '10.12.4', java.version: '1.8.0_131'
Driver info: driver.version: RemoteWebDriver
	at org.openqa.selenium.remote.HttpCommandExecutor.execute(HttpCommandExecutor.java:131)
	at org.openqa.selenium.remote.service.DriverCommandExecutor.execute(DriverCommandExecutor.java:82)
	at org.openqa.selenium.remote.RemoteWebDriver.execute(RemoteWebDriver.java:637)
	at org.openqa.selenium.remote.RemoteWebDriver.execute(RemoteWebDriver.java:694)
	at org.openqa.selenium.remote.RemoteWebDriver$RemoteWebDriverOptions$RemoteWindow.maximize(RemoteWebDriver.java:925)
	at testclasses.WebEmployeeSettingsTest.launchApplication(WebEmployeeSettingsTest.java:50)
	at java.util.concurrent.ThreadPoolExecutor.runWorker(ThreadPoolExecutor.java:1142)
	at java.util.concurrent.ThreadPoolExecutor$Worker.run(ThreadPoolExecutor.java:617)
	at java.lang.Thread.run(Thread.java:748)
... Removed 10 stack frames]]>
    </failure>
  </testcase> <!-- @BeforeClass launchApplication -->
  <testcase name="@AfterMethod result" time="0.0" classname="testclasses.WebEmployeeSettingsTest">
    <skipped/>
  </testcase> <!-- @AfterMethod result -->
  <testcase name="@AfterMethod result" time="0.0" classname="testclasses.WebEmployeeSettingsTest">
    <skipped/>
  </testcase> <!-- @AfterMethod result -->
  <testcase name="@AfterMethod result" time="0.0" classname="testclasses.WebEmployeeSettingsTest">
    <skipped/>
  </testcase> <!-- @AfterMethod result -->
  <testcase name="@AfterMethod result" time="0.0" classname="testclasses.WebEmployeeSettingsTest">
    <skipped/>
  </testcase> <!-- @AfterMethod result -->
  <testcase name="@AfterClass tearDown" time="0.0" classname="testclasses.WebEmployeeSettingsTest">
    <skipped/>
  </testcase> <!-- @AfterClass tearDown -->
  <testcase name="blankEmailAndPassword" time="2.031" classname="testclasses.WebAdminLoginTest"/>
  <testcase name="invalidEmailAndPassword" time="1.367" classname="testclasses.WebAdminLoginTest"/>
  <testcase name="validEmailAndInValidPassword" time="2.007" classname="testclasses.WebAdminLoginTest"/>
  <testcase name="blankEmailAndValidPassword" time="0.753" classname="testclasses.WebAdminLoginTest"/>
  <testcase name="validEmailAndBlankPassword" time="0.881" classname="testclasses.WebAdminLoginTest"/>
  <testcase name="verifyIForgotMyPasswordLink" time="0.511" classname="testclasses.WebAdminLoginTest"/>
  <testcase name="validEmailAndPassword" time="5.32" classname="testclasses.WebAdminLoginTest"/>
  <testcase name="verifyMessageBtnFunctionality" time="5.694" classname="testclasses.WebAdminBoardsTest"/>
  <testcase name="verifyUnresolvedButtonFunctionality" time="5.254" classname="testclasses.WebAdminBoardsTest"/>
  <testcase name="verifyConverttotaskFunctionality" time="48.07" classname="testclasses.WebAdminBoardsTest"/>
  <testcase name="verifyCommentBtnFunctionality" time="121.833" classname="testclasses.WebAdminBoardsTest"/>
  <testcase name="verifyFlagBtnFunctionality" time="12.401" classname="testclasses.WebAdminBoardsTest"/>
  <testcase name="verifyEditBtnFunctionality" time="4.758" classname="testclasses.WebAdminBoardsTest"/>
  <testcase name="verifyNewNoteWithBlankData" time="0.003" classname="testclasses.WebAdminPostaNoteTest">
    <skipped/>
  </testcase> <!-- verifyNewNoteWithBlankData -->
  <testcase name="verifyNewNoteWithValidData" time="0.005" classname="testclasses.WebAdminPostaNoteTest">
    <skipped/>
  </testcase> <!-- verifyNewNoteWithValidData -->
  <testcase name="verifyCreateNewTaskFunctionalityWithBlankData" time="0.001" classname="testclasses.WebAdminPostaNoteTest">
    <skipped/>
  </testcase> <!-- verifyCreateNewTaskFunctionalityWithBlankData -->
  <testcase name="verifyCreateNewTaskFunctionalityWithData" time="0.001" classname="testclasses.WebAdminPostaNoteTest">
    <skipped/>
  </testcase> <!-- verifyCreateNewTaskFunctionalityWithData -->
  <testcase name="verifyTodoFunctionalityWithData" time="0.001" classname="testclasses.WebAdminPostaNoteTest">
    <skipped/>
  </testcase> <!-- verifyTodoFunctionalityWithData -->
  <testcase name="verifyProfilePage" time="0.0" classname="testclasses.WebAdminSettingsTest">
    <skipped/>
  </testcase> <!-- verifyProfilePage -->
  <testcase name="verifyAccountsPage" time="0.001" classname="testclasses.WebAdminSettingsTest">
    <skipped/>
  </testcase> <!-- verifyAccountsPage -->
  <testcase name="verifyNotificationToggle" time="0.0" classname="testclasses.WebAdminSettingsTest">
    <skipped/>
  </testcase> <!-- verifyNotificationToggle -->
  <testcase name="verifyChangehotelFunctionality" time="0.0" classname="testclasses.WebAdminSettingsTest">
    <skipped/>
  </testcase> <!-- verifyChangehotelFunctionality -->
  <testcase name="verifySignoutBtnFunctionality" time="0.0" classname="testclasses.WebAdminSettingsTest">
    <skipped/>
  </testcase> <!-- verifySignoutBtnFunctionality -->
  <testcase name="verifyChecklistFunctionality" time="513.98" classname="testclasses.WebAdminNavigationsTest"/>
  <testcase name="preventivemaintainancefunctionality" time="372.414" classname="testclasses.WebAdminNavigationsTest"/>
  <testcase name="verifyInspectionsFunctionality" time="11.896" classname="testclasses.WebAdminNavigationsTest"/>
  <testcase name="verifyMenuListsNavigations" time="15.688" classname="testclasses.WebAdminNavigationsTest"/>
  <testcase name="verifyEmployeeLoginWithBlankData" time="0.0" classname="testclasses.WebEmployeeLoginTest">
    <skipped/>
  </testcase> <!-- verifyEmployeeLoginWithBlankData -->
  <testcase name="verifyEmployeeLoginWithInValidData" time="0.0" classname="testclasses.WebEmployeeLoginTest">
    <skipped/>
  </testcase> <!-- verifyEmployeeLoginWithInValidData -->
  <testcase name="verifyWithValidHotelidInvalidPasswdAndUsername" time="0.001" classname="testclasses.WebEmployeeLoginTest">
    <skipped/>
  </testcase> <!-- verifyWithValidHotelidInvalidPasswdAndUsername -->
  <testcase name="verifyWithInValidHotelidAndPasswdAndValidUsername" time="0.0" classname="testclasses.WebEmployeeLoginTest">
    <skipped/>
  </testcase> <!-- verifyWithInValidHotelidAndPasswdAndValidUsername -->
  <testcase name="verifyWithInValidHotelidAndblankPasswdAndUsername" time="0.0" classname="testclasses.WebEmployeeLoginTest">
    <skipped/>
  </testcase> <!-- verifyWithInValidHotelidAndblankPasswdAndUsername -->
  <testcase name="verifyWithValidUsernameAndblankPasswdAndHotelid" time="0.001" classname="testclasses.WebEmployeeLoginTest">
    <skipped/>
  </testcase> <!-- verifyWithValidUsernameAndblankPasswdAndHotelid -->
  <testcase name="verifyWithBlankHotelidAndValidUsernameAndPassword" time="0.0" classname="testclasses.WebEmployeeLoginTest">
    <skipped/>
  </testcase> <!-- verifyWithBlankHotelidAndValidUsernameAndPassword -->
  <testcase name="verifyWithValidData" time="0.0" classname="testclasses.WebEmployeeLoginTest">
    <skipped/>
  </testcase> <!-- verifyWithValidData -->
  <testcase name="verifyEmployeeLoginWithBlankValues" time="0.0" classname="testclasses.WebEmployeeNavigationsTest">
    <skipped/>
  </testcase> <!-- verifyEmployeeLoginWithBlankValues -->
  <testcase name="clickingMsgBtn" time="0.001" classname="testclasses.WebEmployeeBoardsTest">
    <skipped/>
  </testcase> <!-- clickingMsgBtn -->
  <testcase name="verifyCommentBtnWithValidData" time="0.001" classname="testclasses.WebEmployeeBoardsTest">
    <skipped/>
  </testcase> <!-- verifyCommentBtnWithValidData -->
  <testcase name="verifyEditBtnFunctionality" time="0.001" classname="testclasses.WebEmployeeBoardsTest">
    <skipped/>
  </testcase> <!-- verifyEditBtnFunctionality -->
  <testcase name="verifyUnresolvedButtonFunctionality" time="0.001" classname="testclasses.WebEmployeeBoardsTest">
    <skipped/>
  </testcase> <!-- verifyUnresolvedButtonFunctionality -->
  <testcase name="verifyConverttotaskFunctionality" time="0.001" classname="testclasses.WebEmployeeBoardsTest">
    <skipped/>
  </testcase> <!-- verifyConverttotaskFunctionality -->
  <testcase name="verifyNewNoteWithBlankData" time="0.001" classname="testclasses.WebEmployeePostaNoteTest">
    <skipped/>
  </testcase> <!-- verifyNewNoteWithBlankData -->
  <testcase name="verifyNewNoteWithValidData" time="0.0" classname="testclasses.WebEmployeePostaNoteTest">
    <skipped/>
  </testcase> <!-- verifyNewNoteWithValidData -->
  <testcase name="verifyCreateNewTaskFunctionalityWithBlankData" time="0.001" classname="testclasses.WebEmployeePostaNoteTest">
    <skipped/>
  </testcase> <!-- verifyCreateNewTaskFunctionalityWithBlankData -->
  <testcase name="verifyCreateNewTaskFunctionalityWithData" time="0.001" classname="testclasses.WebEmployeePostaNoteTest">
    <skipped/>
  </testcase> <!-- verifyCreateNewTaskFunctionalityWithData -->
  <testcase name="verifyTodoFunctionalityWithData" time="0.0" classname="testclasses.WebEmployeePostaNoteTest">
    <skipped/>
  </testcase> <!-- verifyTodoFunctionalityWithData -->
  <testcase name="verifyProfilePage" time="0.0" classname="testclasses.WebEmployeeSettingsTest">
    <skipped/>
  </testcase> <!-- verifyProfilePage -->
  <testcase name="verifyAccountsPage" time="0.0" classname="testclasses.WebEmployeeSettingsTest">
    <skipped/>
  </testcase> <!-- verifyAccountsPage -->
  <testcase name="verifyNotificationToggle" time="0.001" classname="testclasses.WebEmployeeSettingsTest">
    <skipped/>
  </testcase> <!-- verifyNotificationToggle -->
  <testcase name="verifySignoutBtnFunctionality" time="0.0" classname="testclasses.WebEmployeeSettingsTest">
    <skipped/>
  </testcase> <!-- verifySignoutBtnFunctionality -->
</testsuite> <!-- ChromeTest -->
