<?xml version="1.0" encoding="UTF-8"?>
<!-- Generated by org.testng.reporters.JUnitReportReporter -->
<testsuite hostname="Mallis-Mac-mini.local" name="com.hotelTap.TestClasses.LoginPageTest" tests="3" failures="0" timestamp="31 Mar 2017 16:56:38 GMT" time="178.333" errors="1">
  <testcase name="loginVerifyWithValidData" time="68.102" classname="com.hotelTap.TestClasses.LoginPageTest"/>
  <testcase name="loginVerifyWithValidData" time="75.371" classname="com.hotelTap.TestClasses.LoginPageTest">
    <error type="org.openqa.selenium.TimeoutException" message="Timed out after 60 seconds waiting for element to be clickable: By.xpath: //UIAApplication[1]/UIAWindow[1]/UIAScrollView[1]/UIATextField[1]
Build info: version: &#039;2.53.0&#039;, revision: &#039;35ae25b1534ae328c771e0856c93e187490ca824&#039;, time: &#039;2016-03-15 10:43:46&#039;
System info: host: &#039;Mallis-Mac-mini.local&#039;, ip: &#039;192.168.143.19&#039;, os.name: &#039;Mac OS X&#039;, os.arch: &#039;x86_64&#039;, os.version: &#039;10.11.5&#039;, java.version: &#039;1.8.0_121&#039;
Driver info: io.appium.java_client.ios.IOSDriver
Capabilities [{app=/Users/mallinookala/Downloads/HotelTap-2.ipa, networkConnectionEnabled=false, warnings={}, bundleid=com.devrabbit.hoteltap, databaseEnabled=false, deviceName=iPhone, platform=MAC, desired={app=/Users/mallinookala/Downloads/HotelTap-2.ipa, platformVersion=9.3.4 (13G35), bundleid=com.devrabbit.hoteltap, platformName=iOS, udid=68fa2de9cc56b21ca71dc5f38a06129a50ac7496, deviceName=iPhone}, platformVersion=9.3.4 (13G35), webStorageEnabled=false, locationContextEnabled=false, browserName=iOS, takesScreenshot=true, javascriptEnabled=true, platformName=iOS, udid=68fa2de9cc56b21ca71dc5f38a06129a50ac7496}]
Session ID: dcabed37-31c8-4924-99cd-c39900597772">
      <![CDATA[org.openqa.selenium.TimeoutException: Timed out after 60 seconds waiting for element to be clickable: By.xpath: //UIAApplication[1]/UIAWindow[1]/UIAScrollView[1]/UIATextField[1]
Build info: version: '2.53.0', revision: '35ae25b1534ae328c771e0856c93e187490ca824', time: '2016-03-15 10:43:46'
System info: host: 'Mallis-Mac-mini.local', ip: '192.168.143.19', os.name: 'Mac OS X', os.arch: 'x86_64', os.version: '10.11.5', java.version: '1.8.0_121'
Driver info: io.appium.java_client.ios.IOSDriver
Capabilities [{app=/Users/mallinookala/Downloads/HotelTap-2.ipa, networkConnectionEnabled=false, warnings={}, bundleid=com.devrabbit.hoteltap, databaseEnabled=false, deviceName=iPhone, platform=MAC, desired={app=/Users/mallinookala/Downloads/HotelTap-2.ipa, platformVersion=9.3.4 (13G35), bundleid=com.devrabbit.hoteltap, platformName=iOS, udid=68fa2de9cc56b21ca71dc5f38a06129a50ac7496, deviceName=iPhone}, platformVersion=9.3.4 (13G35), webStorageEnabled=false, locationContextEnabled=false, browserName=iOS, takesScreenshot=true, javascriptEnabled=true, platformName=iOS, udid=68fa2de9cc56b21ca71dc5f38a06129a50ac7496}]
Session ID: dcabed37-31c8-4924-99cd-c39900597772
	at org.openqa.selenium.support.ui.WebDriverWait.timeoutException(WebDriverWait.java:80)
	at org.openqa.selenium.support.ui.FluentWait.until(FluentWait.java:261)
	at com.hotelTap.Utilities.BaseClass.waitForExpectedElement(BaseClass.java:57)
	at com.hotelTap.PageObjectClasses.LoginPageObjects.adminEmailFill(LoginPageObjects.java:74)
	at com.hotelTap.TestClasses.LoginPageTest.loginVerifyWithValidData(LoginPageTest.java:48)
	at sun.reflect.NativeMethodAccessorImpl.invoke0(Native Method)
	at sun.reflect.NativeMethodAccessorImpl.invoke(NativeMethodAccessorImpl.java:62)
	at sun.reflect.DelegatingMethodAccessorImpl.invoke(DelegatingMethodAccessorImpl.java:43)
	at java.lang.reflect.Method.invoke(Method.java:498)
	at org.testng.internal.MethodInvocationHelper.invokeMethod(MethodInvocationHelper.java:86)
	at org.testng.internal.Invoker.invokeMethod(Invoker.java:643)
	at org.testng.internal.Invoker.invokeTestMethod(Invoker.java:820)
	at org.testng.internal.Invoker.invokeTestMethods(Invoker.java:1128)
	at org.testng.internal.TestMethodWorker.invokeTestMethods(TestMethodWorker.java:129)
	at org.testng.internal.TestMethodWorker.run(TestMethodWorker.java:112)
	at org.testng.TestRunner.privateRun(TestRunner.java:782)
	at org.testng.TestRunner.run(TestRunner.java:632)
	at org.testng.SuiteRunner.runTest(SuiteRunner.java:366)
	at org.testng.SuiteRunner.runSequentially(SuiteRunner.java:361)
	at org.testng.SuiteRunner.privateRun(SuiteRunner.java:319)
	at org.testng.SuiteRunner.run(SuiteRunner.java:268)
	at org.testng.SuiteRunnerWorker.runSuite(SuiteRunnerWorker.java:52)
	at org.testng.SuiteRunnerWorker.run(SuiteRunnerWorker.java:86)
	at org.testng.TestNG.runSuitesSequentially(TestNG.java:1244)
	at org.testng.TestNG.runSuitesLocally(TestNG.java:1169)
	at org.testng.TestNG.run(TestNG.java:1064)
	at org.testng.remote.AbstractRemoteTestNG.run(AbstractRemoteTestNG.java:132)
	at org.testng.remote.RemoteTestNG.initAndRun(RemoteTestNG.java:230)
	at org.testng.remote.RemoteTestNG.main(RemoteTestNG.java:76)
]]>
    </error>
  </testcase> <!-- loginVerifyWithValidData -->
  <testcase name="loginVerifyWithBlankData" time="34.860" classname="com.hotelTap.TestClasses.LoginPageTest"/>
</testsuite> <!-- com.hotelTap.TestClasses.LoginPageTest -->
