<?xml version="1.0" encoding="UTF-8"?>
<!-- Generated by org.testng.reporters.JUnitReportReporter -->
<testsuite hostname="Mallis-Mac-mini.local" name="com.hotelTap.TestClasses.NewTaskTest" tests="1" failures="0" timestamp="31 Mar 2017 04:06:59 GMT" time="314.611" errors="1">
  <testcase name="newTaskCreate" time="314.611" classname="com.hotelTap.TestClasses.NewTaskTest">
    <error type="org.openqa.selenium.WebDriverException" message="An error occurred while executing user supplied JavaScript. (WARNING: The server did not provide any stacktrace information)
Command duration or timeout: 1.19 seconds
Build info: version: &#039;2.53.0&#039;, revision: &#039;35ae25b1534ae328c771e0856c93e187490ca824&#039;, time: &#039;2016-03-15 10:43:46&#039;
System info: host: &#039;Mallis-Mac-mini.local&#039;, ip: &#039;192.168.143.19&#039;, os.name: &#039;Mac OS X&#039;, os.arch: &#039;x86_64&#039;, os.version: &#039;10.11.5&#039;, java.version: &#039;1.8.0_121&#039;
Driver info: io.appium.java_client.ios.IOSDriver
Capabilities [{app=/Users/mallinookala/Downloads/HotelTap-2.ipa, networkConnectionEnabled=false, warnings={}, bundleid=com.devrabbit.hoteltap, autoDismissAlerts=true, databaseEnabled=false, deviceName=iPhone, platform=MAC, desired={app=/Users/mallinookala/Downloads/HotelTap-2.ipa, platformVersion=9.3.4 (13G35), bundleid=com.devrabbit.hoteltap, autoDismissAlerts=true, platformName=iOS, udid=68fa2de9cc56b21ca71dc5f38a06129a50ac7496, deviceName=iPhone}, platformVersion=9.3.4 (13G35), webStorageEnabled=false, locationContextEnabled=false, browserName=iOS, takesScreenshot=true, javascriptEnabled=true, platformName=iOS, udid=68fa2de9cc56b21ca71dc5f38a06129a50ac7496}]
Session ID: 245ee39b-1274-4341-9a3a-ad7ba298b154">
      <![CDATA[org.openqa.selenium.WebDriverException: An error occurred while executing user supplied JavaScript. (WARNING: The server did not provide any stacktrace information)
Command duration or timeout: 1.19 seconds
Build info: version: '2.53.0', revision: '35ae25b1534ae328c771e0856c93e187490ca824', time: '2016-03-15 10:43:46'
System info: host: 'Mallis-Mac-mini.local', ip: '192.168.143.19', os.name: 'Mac OS X', os.arch: 'x86_64', os.version: '10.11.5', java.version: '1.8.0_121'
Driver info: io.appium.java_client.ios.IOSDriver
Capabilities [{app=/Users/mallinookala/Downloads/HotelTap-2.ipa, networkConnectionEnabled=false, warnings={}, bundleid=com.devrabbit.hoteltap, autoDismissAlerts=true, databaseEnabled=false, deviceName=iPhone, platform=MAC, desired={app=/Users/mallinookala/Downloads/HotelTap-2.ipa, platformVersion=9.3.4 (13G35), bundleid=com.devrabbit.hoteltap, autoDismissAlerts=true, platformName=iOS, udid=68fa2de9cc56b21ca71dc5f38a06129a50ac7496, deviceName=iPhone}, platformVersion=9.3.4 (13G35), webStorageEnabled=false, locationContextEnabled=false, browserName=iOS, takesScreenshot=true, javascriptEnabled=true, platformName=iOS, udid=68fa2de9cc56b21ca71dc5f38a06129a50ac7496}]
Session ID: 245ee39b-1274-4341-9a3a-ad7ba298b154
	at sun.reflect.NativeConstructorAccessorImpl.newInstance0(Native Method)
	at sun.reflect.NativeConstructorAccessorImpl.newInstance(NativeConstructorAccessorImpl.java:62)
	at sun.reflect.DelegatingConstructorAccessorImpl.newInstance(DelegatingConstructorAccessorImpl.java:45)
	at java.lang.reflect.Constructor.newInstance(Constructor.java:423)
	at org.openqa.selenium.remote.ErrorHandler.createThrowable(ErrorHandler.java:206)
	at org.openqa.selenium.remote.ErrorHandler.throwIfResponseFailed(ErrorHandler.java:158)
	at org.openqa.selenium.remote.RemoteWebDriver.execute(RemoteWebDriver.java:678)
	at io.appium.java_client.DefaultGenericMobileDriver.execute(DefaultGenericMobileDriver.java:51)
	at io.appium.java_client.AppiumDriver.execute(AppiumDriver.java:1)
	at io.appium.java_client.ios.IOSDriver.execute(IOSDriver.java:1)
	at org.openqa.selenium.remote.RemoteWebElement.execute(RemoteWebElement.java:327)
	at io.appium.java_client.DefaultGenericMobileElement.execute(DefaultGenericMobileElement.java:46)
	at io.appium.java_client.MobileElement.execute(MobileElement.java:1)
	at io.appium.java_client.ios.IOSElement.execute(IOSElement.java:1)
	at org.openqa.selenium.remote.RemoteWebElement.sendKeys(RemoteWebElement.java:122)
	at com.hotelTap.PageObjectClasses.NewTaskPageObjects.fillSubjectTxtBox(NewTaskPageObjects.java:43)
	at com.hotelTap.TestClasses.NewTaskTest.newTaskCreate(NewTaskTest.java:68)
	at sun.reflect.NativeMethodAccessorImpl.invoke0(Native Method)
	at sun.reflect.NativeMethodAccessorImpl.invoke(NativeMethodAccessorImpl.java:62)
	at sun.reflect.DelegatingMethodAccessorImpl.invoke(DelegatingMethodAccessorImpl.java:43)
	at java.lang.reflect.Method.invoke(Method.java:498)
	at org.testng.internal.MethodInvocationHelper.invokeMethod(MethodInvocationHelper.java:86)
	at org.testng.internal.Invoker.invokeMethod(Invoker.java:643)
	at org.testng.internal.Invoker.invokeTestMethod(Invoker.java:820)
	at org.testng.internal.Invoker.invokeTestMethods(Invoker.java:1128)
	at org.testng.internal.TestMethodWorker.invokeTestMethods(TestMethodWorker.java:129)
	at org.testng.internal.TestMethodWorker.run(TestMethodWorker.java:112)
	at org.testng.TestRunner.privateRun(TestRunner.java:782)
	at org.testng.TestRunner.run(TestRunner.java:632)
	at org.testng.SuiteRunner.runTest(SuiteRunner.java:366)
	at org.testng.SuiteRunner.runSequentially(SuiteRunner.java:361)
	at org.testng.SuiteRunner.privateRun(SuiteRunner.java:319)
	at org.testng.SuiteRunner.run(SuiteRunner.java:268)
	at org.testng.SuiteRunnerWorker.runSuite(SuiteRunnerWorker.java:52)
	at org.testng.SuiteRunnerWorker.run(SuiteRunnerWorker.java:86)
	at org.testng.TestNG.runSuitesSequentially(TestNG.java:1244)
	at org.testng.TestNG.runSuitesLocally(TestNG.java:1169)
	at org.testng.TestNG.run(TestNG.java:1064)
	at org.testng.remote.AbstractRemoteTestNG.run(AbstractRemoteTestNG.java:132)
	at org.testng.remote.RemoteTestNG.initAndRun(RemoteTestNG.java:230)
	at org.testng.remote.RemoteTestNG.main(RemoteTestNG.java:76)
]]>
    </error>
  </testcase> <!-- newTaskCreate -->
</testsuite> <!-- com.hotelTap.TestClasses.NewTaskTest -->
